<?xml version="1.0" encoding="UTF-8"?>
<testng-results skipped="0" failed="0" total="1" passed="1">
  <reporter-output>
  </reporter-output>
  <suite name="Suite" duration-ms="21398" started-at="2016-11-22T10:57:44Z" finished-at="2016-11-22T10:58:06Z">
    <groups>
    </groups>
    <test name="Test One" duration-ms="21398" started-at="2016-11-22T10:57:44Z" finished-at="2016-11-22T10:58:06Z">
      <class name="example.NewTest">
        <test-method status="PASS" signature="beforeTest()[pri:0, instance:example.NewTest@7c75222b]" name="beforeTest" is-config="true" duration-ms="6707" started-at="2016-11-22T16:27:44Z" finished-at="2016-11-22T16:27:51Z">
          <reporter-output>
          </reporter-output>
        </test-method> <!-- beforeTest -->
        <test-method status="PASS" signature="test_Home_Page_Appear_Correct()[pri:0, instance:example.NewTest@7c75222b]" name="test_Home_Page_Appear_Correct" duration-ms="14540" started-at="2016-11-22T16:27:51Z" finished-at="2016-11-22T16:28:05Z">
          <reporter-output>
          </reporter-output>
        </test-method> <!-- test_Home_Page_Appear_Correct -->
        <test-method status="PASS" signature="afterTest()[pri:0, instance:example.NewTest@7c75222b]" name="afterTest" is-config="true" duration-ms="142" started-at="2016-11-22T16:28:05Z" finished-at="2016-11-22T16:28:06Z">
          <reporter-output>
          </reporter-output>
        </test-method> <!-- afterTest -->
      </class> <!-- example.NewTest -->
    </test> <!-- Test One -->
  </suite> <!-- Suite -->
</testng-results>
