<?xml version="1.0" encoding="UTF-8"?>
<testng-results skipped="0" failed="0" total="1" passed="1">
  <reporter-output>
  </reporter-output>
  <suite name="Suite" duration-ms="21492" started-at="2016-11-22T09:33:04Z" finished-at="2016-11-22T09:33:25Z">
    <groups>
    </groups>
    <test name="Test One" duration-ms="21492" started-at="2016-11-22T09:33:04Z" finished-at="2016-11-22T09:33:25Z">
      <class name="example.NewTest">
        <test-method status="PASS" signature="beforeTest()[pri:0, instance:example.NewTest@7c75222b]" name="beforeTest" is-config="true" duration-ms="6458" started-at="2016-11-22T15:03:04Z" finished-at="2016-11-22T15:03:10Z">
          <reporter-output>
          </reporter-output>
        </test-method> <!-- beforeTest -->
        <test-method status="PASS" signature="test_Home_Page_Appear_Correct()[pri:0, instance:example.NewTest@7c75222b]" name="test_Home_Page_Appear_Correct" duration-ms="14889" started-at="2016-11-22T15:03:10Z" finished-at="2016-11-22T15:03:25Z">
          <reporter-output>
          </reporter-output>
        </test-method> <!-- test_Home_Page_Appear_Correct -->
        <test-method status="PASS" signature="afterTest()[pri:0, instance:example.NewTest@7c75222b]" name="afterTest" is-config="true" duration-ms="138" started-at="2016-11-22T15:03:25Z" finished-at="2016-11-22T15:03:25Z">
          <reporter-output>
          </reporter-output>
        </test-method> <!-- afterTest -->
      </class> <!-- example.NewTest -->
    </test> <!-- Test One -->
  </suite> <!-- Suite -->
</testng-results>
